[debug] [2025-08-30T16:10:03.283Z] [Firebase Plugin] Activating Firebase extension.
[debug] [2025-08-30T16:10:11.151Z] [Firebase Plugin] requireAuthWrapper
[debug] [2025-08-30T16:10:11.156Z] > command requires scopes: ["email","openid","https://www.googleapis.com/auth/cloudplatformprojects.readonly","https://www.googleapis.com/auth/firebase","https://www.googleapis.com/auth/cloud-platform"]
[debug] [2025-08-30T16:10:11.157Z] > authorizing via signed-in user (aiacademylearninghub@gmail.com)
[debug] [2025-08-30T16:10:11.164Z] Checked if tokens are valid: true, expires at: 1756571459888
[debug] [2025-08-30T16:10:11.166Z] Checked if tokens are valid: true, expires at: 1756571459888
[debug] [2025-08-30T16:10:11.167Z] [Firebase Plugin] User found:  aiacademylearninghub@gmail.com
[info] [Firebase Plugin] (Core:Project) New user detected, fetching projects
[debug] [2025-08-30T16:10:11.171Z] Checked if tokens are valid: true, expires at: 1756571459888
[debug] [2025-08-30T16:10:11.174Z] >>> [apiv2][query] GET https://firebase.googleapis.com/v1beta1/projects pageSize=1000
[debug] [2025-08-30T16:10:11.225Z] [Firebase Plugin] VSCode notification server listening on port 40001
[info] [Firebase Plugin] Starting Data Connect toolkit (version 2.11.2) on port 50001
[debug] [2025-08-30T16:10:12.465Z] I0830 21:40:12.405832   13392 control.go:94] [/emulator/aiacademy d935] UpdateResources(): done
Schema: sources: schema\schema.gql [1992B] 
Connector "example": sources: example\mutations.gql [1243B] example\queries.gql [1801B] 
 {"metadata":{"emulator":{"name":"dataconnect"},"message":"I0830 21:40:12.405832   13392 control.go:94] [/emulator/aiacademy d935] UpdateResources(): done\nSchema: sources: schema\\schema.gql [1992B] \nConnector \"example\": sources: example\\mutations.gql [1243B] example\\queries.gql [1801B] \n"}}
[debug] [2025-08-30T16:10:12.468Z] Ignoring unsupported arg: auto_download {"metadata":{"emulator":{"name":"dataconnect"},"message":"Ignoring unsupported arg: auto_download"}}
[debug] [2025-08-30T16:10:12.469Z] Ignoring unsupported arg: port {"metadata":{"emulator":{"name":"dataconnect"},"message":"Ignoring unsupported arg: port"}}
[debug] [2025-08-30T16:10:12.469Z] Starting Data Connect Emulator with command {"binary":"C:\\Users\\sudee\\.cache\\firebase\\emulators\\dataconnect-emulator-2.11.2.exe","args":["--logtostderr","-v=2","dev","--listen=localhost:50001","--config_dir=d:\\AI\\AI-startup\\AI_Academy\\dataconnect","--enable_output_schema_extensions=true","--enable_output_generated_sdk=true"],"optionalArgs":["listen","config_dir","enable_output_schema_extensions","enable_output_generated_sdk"],"joinArgs":true,"shell":false,"port":9399} {"metadata":{"emulator":{"name":"dataconnect"},"message":"Starting Data Connect Emulator with command {\"binary\":\"C:\\\\Users\\\\sudee\\\\.cache\\\\firebase\\\\emulators\\\\dataconnect-emulator-2.11.2.exe\",\"args\":[\"--logtostderr\",\"-v=2\",\"dev\",\"--listen=localhost:50001\",\"--config_dir=d:\\\\AI\\\\AI-startup\\\\AI_Academy\\\\dataconnect\",\"--enable_output_schema_extensions=true\",\"--enable_output_generated_sdk=true\"],\"optionalArgs\":[\"listen\",\"config_dir\",\"enable_output_schema_extensions\",\"enable_output_generated_sdk\"],\"joinArgs\":true,\"shell\":false,\"port\":9399}"}}
[info] i  dataconnect: Data Connect Emulator logging to dataconnect-debug.log {"metadata":{"emulator":{"name":"dataconnect"},"message":"Data Connect Emulator logging to \u001b[1mdataconnect-debug.log\u001b[22m"}}
[debug] [2025-08-30T16:10:12.616Z] I0830 21:40:12.566516   10968 load.go:31] Reloading schema and connectors...
 {"metadata":{"emulator":{"name":"dataconnect"},"message":"I0830 21:40:12.566516   10968 load.go:31] Reloading schema and connectors...\n"}}
[debug] [2025-08-30T16:10:12.677Z] I0830 21:40:12.676922   10968 control.go:94] [/emulator/aiacademy de14] UpdateResources(): done
Schema: sources: schema\schema.gql [1992B] 
Connector "example": sources: example\mutations.gql [1243B] example\queries.gql [1801B] 
 {"metadata":{"emulator":{"name":"dataconnect"},"message":"I0830 21:40:12.676922   10968 control.go:94] [/emulator/aiacademy de14] UpdateResources(): done\nSchema: sources: schema\\schema.gql [1992B] \nConnector \"example\": sources: example\\mutations.gql [1243B] example\\queries.gql [1801B] \n"}}
[debug] [2025-08-30T16:10:12.827Z] I0830 21:40:12.827463   10968 codegen.go:82] [connector "example" javascriptSdk] Generating sources into "d:\\AI\\AI-startup\\AI_Academy\\Client\\src\\dataconnect-generated"
 {"metadata":{"emulator":{"name":"dataconnect"},"message":"I0830 21:40:12.827463   10968 codegen.go:82] [connector \"example\" javascriptSdk] Generating sources into \"d:\\\\AI\\\\AI-startup\\\\AI_Academy\\\\Client\\\\src\\\\dataconnect-generated\"\n"}}
[debug] [2025-08-30T16:10:12.903Z] I0830 21:40:12.902610   10968 collector.go:107] schema extensions wrote into "d:\\AI\\AI-startup\\AI_Academy\\dataconnect\\.dataconnect\\schema"
Generated sources: main\input.gql [28173B] prelude.gql [73251B] main\relation.gql [13742B] main\query.gql [5099B] main\mutation.gql [13679B] main\implicit.gql [1261B] 
 {"metadata":{"emulator":{"name":"dataconnect"},"message":"I0830 21:40:12.902610   10968 collector.go:107] schema extensions wrote into \"d:\\\\AI\\\\AI-startup\\\\AI_Academy\\\\dataconnect\\\\.dataconnect\\\\schema\"\nGenerated sources: main\\input.gql [28173B] prelude.gql [73251B] main\\relation.gql [13742B] main\\query.gql [5099B] main\\mutation.gql [13679B] main\\implicit.gql [1261B] \n"}}
[debug] [2025-08-30T16:10:12.938Z] I0830 21:40:12.934027   10968 collector.go:107] connector "example" javascriptSdk wrote into "d:\\AI\\AI-startup\\AI_Academy\\Client\\src\\dataconnect-generated"
Generated sources: esm\package.json [17B] index.cjs.js [4052B] package.json [852B] README.md [40931B] react\index.d.ts [3961B] react\esm\package.json [17B] react\index.cjs.js [3439B] react\esm\index.esm.js [3269B] index.d.ts [8025B] esm\index.esm.js [3562B] react\package.json [460B] react\README.md [48299B] 
 {"metadata":{"emulator":{"name":"dataconnect"},"message":"I0830 21:40:12.934027   10968 collector.go:107] connector \"example\" javascriptSdk wrote into \"d:\\\\AI\\\\AI-startup\\\\AI_Academy\\\\Client\\\\src\\\\dataconnect-generated\"\nGenerated sources: esm\\package.json [17B] index.cjs.js [4052B] package.json [852B] README.md [40931B] react\\index.d.ts [3961B] react\\esm\\package.json [17B] react\\index.cjs.js [3439B] react\\esm\\index.esm.js [3269B] index.d.ts [8025B] esm\\index.esm.js [3562B] react\\package.json [460B] react\\README.md [48299B] \n"}}
[debug] [2025-08-30T16:10:13.008Z] I0830 21:40:12.977625   10968 installsdk.go:55] Package @dataconnect/generated is already installed. Skipping installation
I0830 21:40:12.983224   10968 load.go:109] Finished reloading
 {"metadata":{"emulator":{"name":"dataconnect"},"message":"I0830 21:40:12.977625   10968 installsdk.go:55] Package @dataconnect/generated is already installed. Skipping installation\nI0830 21:40:12.983224   10968 load.go:109] Finished reloading\n"}}
[debug] [2025-08-30T16:10:13.026Z] I0830 21:40:13.026520   10968 dev.go:102] Listening on address (HTTP + gRPC): 127.0.0.1:50001
 {"metadata":{"emulator":{"name":"dataconnect"},"message":"I0830 21:40:13.026520   10968 dev.go:102] Listening on address (HTTP + gRPC): 127.0.0.1:50001\n"}}
[debug] [2025-08-30T16:10:13.230Z] <<< [apiv2][status] GET https://firebase.googleapis.com/v1beta1/projects 200
[debug] [2025-08-30T16:10:13.233Z] <<< [apiv2][body] GET https://firebase.googleapis.com/v1beta1/projects [omitted]
[debug] [2025-08-30T16:10:13.299Z] I0830 21:40:13.298554   10968 engine.go:171] [/emulator/aiacademy de14] ExecuteGraphqlRead IntrospectionQuery: succeeded. 
 {"metadata":{"emulator":{"name":"dataconnect"},"message":"I0830 21:40:13.298554   10968 engine.go:171] [/emulator/aiacademy de14] ExecuteGraphqlRead IntrospectionQuery: succeeded. \n"}}
[info] [Firebase Plugin] Stopping Data Connect toolkit
[warn] !  Data Connect Emulator has exited upon receiving signal: SIGINT 
[debug] [2025-09-11T09:59:34.551Z] [Firebase Plugin] Activating Firebase extension.
[debug] [2025-09-11T09:59:42.263Z] [Firebase Plugin] requireAuthWrapper
[debug] [2025-09-11T09:59:42.268Z] > command requires scopes: ["email","openid","https://www.googleapis.com/auth/cloudplatformprojects.readonly","https://www.googleapis.com/auth/firebase","https://www.googleapis.com/auth/cloud-platform"]
[debug] [2025-09-11T09:59:42.268Z] > authorizing via signed-in user (aiacademylearninghub@gmail.com)
[debug] [2025-09-11T09:59:42.274Z] Checked if tokens are valid: false, expires at: 1756571459888
[debug] [2025-09-11T09:59:42.274Z] Checked if tokens are valid: false, expires at: 1756571459888
[debug] [2025-09-11T09:59:42.275Z] > refreshing access token with scopes: []
[debug] [2025-09-11T09:59:42.277Z] >>> [apiv2][query] POST https://www.googleapis.com/oauth2/v3/token [none]
[debug] [2025-09-11T09:59:42.278Z] >>> [apiv2][body] POST https://www.googleapis.com/oauth2/v3/token [omitted]
[debug] [2025-09-11T09:59:42.312Z] [Firebase Plugin] VSCode notification server listening on port 40001
[info] [Firebase Plugin] Starting Data Connect toolkit (version 2.11.2) on port 50001
[debug] [2025-09-11T09:59:43.377Z] I0911 10:59:43.342534    1824 control.go:94] [/emulator/aiacademy 21ea] UpdateResources(): done
Schema: sources: schema\schema.gql [1992B] 
Connector "example": sources: example\queries.gql [1801B] example\mutations.gql [1243B] 
 {"metadata":{"emulator":{"name":"dataconnect"},"message":"I0911 10:59:43.342534    1824 control.go:94] [/emulator/aiacademy 21ea] UpdateResources(): done\nSchema: sources: schema\\schema.gql [1992B] \nConnector \"example\": sources: example\\queries.gql [1801B] example\\mutations.gql [1243B] \n"}}
[debug] [2025-09-11T09:59:43.378Z] Ignoring unsupported arg: auto_download {"metadata":{"emulator":{"name":"dataconnect"},"message":"Ignoring unsupported arg: auto_download"}}
[debug] [2025-09-11T09:59:43.378Z] Ignoring unsupported arg: port {"metadata":{"emulator":{"name":"dataconnect"},"message":"Ignoring unsupported arg: port"}}
[debug] [2025-09-11T09:59:43.379Z] Starting Data Connect Emulator with command {"binary":"C:\\Users\\sudee\\.cache\\firebase\\emulators\\dataconnect-emulator-2.11.2.exe","args":["--logtostderr","-v=2","dev","--listen=localhost:50001","--config_dir=d:\\AI\\AI-startup\\AI_Academy\\dataconnect","--enable_output_schema_extensions=true","--enable_output_generated_sdk=true"],"optionalArgs":["listen","config_dir","enable_output_schema_extensions","enable_output_generated_sdk"],"joinArgs":true,"shell":false,"port":9399} {"metadata":{"emulator":{"name":"dataconnect"},"message":"Starting Data Connect Emulator with command {\"binary\":\"C:\\\\Users\\\\sudee\\\\.cache\\\\firebase\\\\emulators\\\\dataconnect-emulator-2.11.2.exe\",\"args\":[\"--logtostderr\",\"-v=2\",\"dev\",\"--listen=localhost:50001\",\"--config_dir=d:\\\\AI\\\\AI-startup\\\\AI_Academy\\\\dataconnect\",\"--enable_output_schema_extensions=true\",\"--enable_output_generated_sdk=true\"],\"optionalArgs\":[\"listen\",\"config_dir\",\"enable_output_schema_extensions\",\"enable_output_generated_sdk\"],\"joinArgs\":true,\"shell\":false,\"port\":9399}"}}
[info] i  dataconnect: Data Connect Emulator logging to dataconnect-debug.log {"metadata":{"emulator":{"name":"dataconnect"},"message":"Data Connect Emulator logging to \u001b[1mdataconnect-debug.log\u001b[22m"}}
[debug] [2025-09-11T09:59:43.430Z] I0911 10:59:43.428066   20456 load.go:31] Reloading schema and connectors...
 {"metadata":{"emulator":{"name":"dataconnect"},"message":"I0911 10:59:43.428066   20456 load.go:31] Reloading schema and connectors...\n"}}
[debug] [2025-09-11T09:59:43.517Z] I0911 10:59:43.487463   20456 control.go:94] [/emulator/aiacademy 42c8] UpdateResources(): done
Schema: sources: schema\schema.gql [1992B] 
Connector "example": sources: example\mutations.gql [1243B] example\queries.gql [1801B] 
 {"metadata":{"emulator":{"name":"dataconnect"},"message":"I0911 10:59:43.487463   20456 control.go:94] [/emulator/aiacademy 42c8] UpdateResources(): done\nSchema: sources: schema\\schema.gql [1992B] \nConnector \"example\": sources: example\\mutations.gql [1243B] example\\queries.gql [1801B] \n"}}
[debug] [2025-09-11T09:59:43.524Z] <<< [apiv2][status] POST https://www.googleapis.com/oauth2/v3/token 200
[debug] [2025-09-11T09:59:43.524Z] <<< [apiv2][body] POST https://www.googleapis.com/oauth2/v3/token [omitted]
[debug] [2025-09-11T09:59:43.550Z] [Firebase Plugin] User found:  aiacademylearninghub@gmail.com
[info] [Firebase Plugin] (Core:Project) New user detected, fetching projects
[debug] [2025-09-11T09:59:43.552Z] Checked if tokens are valid: true, expires at: 1757588382525
[debug] [2025-09-11T09:59:43.554Z] >>> [apiv2][query] GET https://firebase.googleapis.com/v1beta1/projects pageSize=1000
[debug] [2025-09-11T09:59:43.568Z] I0911 10:59:43.537585   20456 codegen.go:82] [connector "example" javascriptSdk] Generating sources into "d:\\AI\\AI-startup\\AI_Academy\\Client\\src\\dataconnect-generated"
 {"metadata":{"emulator":{"name":"dataconnect"},"message":"I0911 10:59:43.537585   20456 codegen.go:82] [connector \"example\" javascriptSdk] Generating sources into \"d:\\\\AI\\\\AI-startup\\\\AI_Academy\\\\Client\\\\src\\\\dataconnect-generated\"\n"}}
[debug] [2025-09-11T09:59:43.589Z] I0911 10:59:43.588179   20456 collector.go:107] schema extensions wrote into "d:\\AI\\AI-startup\\AI_Academy\\dataconnect\\.dataconnect\\schema"
Generated sources: prelude.gql [73251B] main\implicit.gql [1261B] main\input.gql [28173B] main\relation.gql [13742B] main\query.gql [5099B] main\mutation.gql [13679B] 
 {"metadata":{"emulator":{"name":"dataconnect"},"message":"I0911 10:59:43.588179   20456 collector.go:107] schema extensions wrote into \"d:\\\\AI\\\\AI-startup\\\\AI_Academy\\\\dataconnect\\\\.dataconnect\\\\schema\"\nGenerated sources: prelude.gql [73251B] main\\implicit.gql [1261B] main\\input.gql [28173B] main\\relation.gql [13742B] main\\query.gql [5099B] main\\mutation.gql [13679B] \n"}}
[debug] [2025-09-11T09:59:43.595Z] I0911 10:59:43.594860   20456 collector.go:107] connector "example" javascriptSdk wrote into "d:\\AI\\AI-startup\\AI_Academy\\Client\\src\\dataconnect-generated"
Generated sources: react\package.json [460B] react\esm\package.json [17B] react\esm\index.esm.js [3269B] index.cjs.js [4052B] package.json [852B] react\index.cjs.js [3439B] react\README.md [48299B] index.d.ts [8025B] esm\index.esm.js [3562B] esm\package.json [17B] README.md [40931B] react\index.d.ts [3961B] 
 {"metadata":{"emulator":{"name":"dataconnect"},"message":"I0911 10:59:43.594860   20456 collector.go:107] connector \"example\" javascriptSdk wrote into \"d:\\\\AI\\\\AI-startup\\\\AI_Academy\\\\Client\\\\src\\\\dataconnect-generated\"\nGenerated sources: react\\package.json [460B] react\\esm\\package.json [17B] react\\esm\\index.esm.js [3269B] index.cjs.js [4052B] package.json [852B] react\\index.cjs.js [3439B] react\\README.md [48299B] index.d.ts [8025B] esm\\index.esm.js [3562B] esm\\package.json [17B] README.md [40931B] react\\index.d.ts [3961B] \n"}}
[debug] [2025-09-11T09:59:43.648Z] I0911 10:59:43.630415   20456 installsdk.go:55] Package @dataconnect/generated is already installed. Skipping installation
I0911 10:59:43.634031   20456 load.go:109] Finished reloading
 {"metadata":{"emulator":{"name":"dataconnect"},"message":"I0911 10:59:43.630415   20456 installsdk.go:55] Package @dataconnect/generated is already installed. Skipping installation\nI0911 10:59:43.634031   20456 load.go:109] Finished reloading\n"}}
[debug] [2025-09-11T09:59:43.664Z] I0911 10:59:43.663983   20456 dev.go:102] Listening on address (HTTP + gRPC): 127.0.0.1:50001
 {"metadata":{"emulator":{"name":"dataconnect"},"message":"I0911 10:59:43.663983   20456 dev.go:102] Listening on address (HTTP + gRPC): 127.0.0.1:50001\n"}}
[debug] [2025-09-11T09:59:43.928Z] I0911 10:59:43.927802   20456 engine.go:171] [/emulator/aiacademy 42c8] ExecuteGraphqlRead IntrospectionQuery: succeeded. 
 {"metadata":{"emulator":{"name":"dataconnect"},"message":"I0911 10:59:43.927802   20456 engine.go:171] [/emulator/aiacademy 42c8] ExecuteGraphqlRead IntrospectionQuery: succeeded. \n"}}
[debug] [2025-09-11T09:59:44.094Z] <<< [apiv2][status] GET https://firebase.googleapis.com/v1beta1/projects 200
[debug] [2025-09-11T09:59:44.094Z] <<< [apiv2][body] GET https://firebase.googleapis.com/v1beta1/projects [omitted]
[info] [Firebase Plugin] Stopping Data Connect toolkit
[warn] !  Data Connect Emulator has exited upon receiving signal: SIGINT 
[debug] [2025-09-14T13:00:34.553Z] [Firebase Plugin] Activating Firebase extension.
[debug] [2025-09-14T13:00:39.263Z] [Firebase Plugin] requireAuthWrapper
[debug] [2025-09-14T13:00:39.281Z] > command requires scopes: ["email","openid","https://www.googleapis.com/auth/cloudplatformprojects.readonly","https://www.googleapis.com/auth/firebase","https://www.googleapis.com/auth/cloud-platform"]
[debug] [2025-09-14T13:00:39.282Z] > authorizing via signed-in user (aiacademylearninghub@gmail.com)
[debug] [2025-09-14T13:00:39.286Z] Checked if tokens are valid: false, expires at: 1757854532687
[debug] [2025-09-14T13:00:39.287Z] Checked if tokens are valid: false, expires at: 1757854532687
[debug] [2025-09-14T13:00:39.288Z] > refreshing access token with scopes: []
[debug] [2025-09-14T13:00:39.290Z] >>> [apiv2][query] POST https://www.googleapis.com/oauth2/v3/token [none]
[debug] [2025-09-14T13:00:39.290Z] >>> [apiv2][body] POST https://www.googleapis.com/oauth2/v3/token [omitted]
[debug] [2025-09-14T13:00:39.317Z] [Firebase Plugin] VSCode notification server listening on port 40001
[info] [Firebase Plugin] Starting Data Connect toolkit (version 2.12.0) on port 50001
[debug] [2025-09-14T13:00:40.099Z] I0914 14:00:40.067914   30084 control.go:94] [/emulator/aiacademy 201d] UpdateResources(): done
Schema: sources: schema\schema.gql [1992B] 
Connector "example": sources: example\mutations.gql [1243B] example\queries.gql [1801B] 
 {"metadata":{"emulator":{"name":"dataconnect"},"message":"I0914 14:00:40.067914   30084 control.go:94] [/emulator/aiacademy 201d] UpdateResources(): done\nSchema: sources: schema\\schema.gql [1992B] \nConnector \"example\": sources: example\\mutations.gql [1243B] example\\queries.gql [1801B] \n"}}
[debug] [2025-09-14T13:00:40.100Z] Ignoring unsupported arg: auto_download {"metadata":{"emulator":{"name":"dataconnect"},"message":"Ignoring unsupported arg: auto_download"}}
[debug] [2025-09-14T13:00:40.100Z] Ignoring unsupported arg: port {"metadata":{"emulator":{"name":"dataconnect"},"message":"Ignoring unsupported arg: port"}}
[debug] [2025-09-14T13:00:40.101Z] Starting Data Connect Emulator with command {"binary":"C:\\Users\\sudee\\.cache\\firebase\\emulators\\dataconnect-emulator-2.12.0.exe","args":["--logtostderr","-v=2","dev","--listen=localhost:50001","--config_dir=d:\\AI\\AI-startup\\AI_Academy\\dataconnect","--enable_output_schema_extensions=true","--enable_output_generated_sdk=true"],"optionalArgs":["listen","config_dir","enable_output_schema_extensions","enable_output_generated_sdk"],"joinArgs":true,"shell":false,"port":9399} {"metadata":{"emulator":{"name":"dataconnect"},"message":"Starting Data Connect Emulator with command {\"binary\":\"C:\\\\Users\\\\sudee\\\\.cache\\\\firebase\\\\emulators\\\\dataconnect-emulator-2.12.0.exe\",\"args\":[\"--logtostderr\",\"-v=2\",\"dev\",\"--listen=localhost:50001\",\"--config_dir=d:\\\\AI\\\\AI-startup\\\\AI_Academy\\\\dataconnect\",\"--enable_output_schema_extensions=true\",\"--enable_output_generated_sdk=true\"],\"optionalArgs\":[\"listen\",\"config_dir\",\"enable_output_schema_extensions\",\"enable_output_generated_sdk\"],\"joinArgs\":true,\"shell\":false,\"port\":9399}"}}
[info] i  dataconnect: Data Connect Emulator logging to dataconnect-debug.log {"metadata":{"emulator":{"name":"dataconnect"},"message":"Data Connect Emulator logging to \u001b[1mdataconnect-debug.log\u001b[22m"}}
[debug] [2025-09-14T13:00:40.184Z] I0914 14:00:40.144764   30192 load.go:31] Reloading schema and connectors...
 {"metadata":{"emulator":{"name":"dataconnect"},"message":"I0914 14:00:40.144764   30192 load.go:31] Reloading schema and connectors...\n"}}
[debug] [2025-09-14T13:00:40.219Z] I0914 14:00:40.219579   30192 control.go:94] [/emulator/aiacademy 828a] UpdateResources(): done
Schema: sources: schema\schema.gql [1992B] 
Connector "example": sources: example\mutations.gql [1243B] example\queries.gql [1801B] 
 {"metadata":{"emulator":{"name":"dataconnect"},"message":"I0914 14:00:40.219579   30192 control.go:94] [/emulator/aiacademy 828a] UpdateResources(): done\nSchema: sources: schema\\schema.gql [1992B] \nConnector \"example\": sources: example\\mutations.gql [1243B] example\\queries.gql [1801B] \n"}}
[debug] [2025-09-14T13:00:40.277Z] I0914 14:00:40.275526   30192 codegen.go:82] [connector "example" javascriptSdk] Generating sources into "d:\\AI\\AI-startup\\AI_Academy\\Client\\src\\dataconnect-generated"
 {"metadata":{"emulator":{"name":"dataconnect"},"message":"I0914 14:00:40.275526   30192 codegen.go:82] [connector \"example\" javascriptSdk] Generating sources into \"d:\\\\AI\\\\AI-startup\\\\AI_Academy\\\\Client\\\\src\\\\dataconnect-generated\"\n"}}
[debug] [2025-09-14T13:00:40.279Z] <<< [apiv2][status] POST https://www.googleapis.com/oauth2/v3/token 200
[debug] [2025-09-14T13:00:40.279Z] <<< [apiv2][body] POST https://www.googleapis.com/oauth2/v3/token [omitted]
[debug] [2025-09-14T13:00:40.334Z] [Firebase Plugin] User found:  aiacademylearninghub@gmail.com
[info] [Firebase Plugin] (Core:Project) New user detected, fetching projects
[debug] [2025-09-14T13:00:40.337Z] Checked if tokens are valid: true, expires at: 1757858439280
[debug] [2025-09-14T13:00:40.339Z] >>> [apiv2][query] GET https://firebase.googleapis.com/v1beta1/projects pageSize=1000
[debug] [2025-09-14T13:00:40.402Z] I0914 14:00:40.300336   30192 collector.go:107] schema extensions wrote into "d:\\AI\\AI-startup\\AI_Academy\\dataconnect\\.dataconnect\\schema"
Generated sources: main\implicit.gql [1261B] main\input.gql [28173B] prelude.gql [73251B] main\relation.gql [13742B] main\query.gql [5099B] main\mutation.gql [13679B] 
I0914 14:00:40.311859   30192 collector.go:107] connector "example" javascriptSdk wrote into "d:\\AI\\AI-startup\\AI_Academy\\Client\\src\\dataconnect-generated"
Generated sources: esm\package.json [17B] index.cjs.js [4052B] package.json [863B] README.md [40931B] react\index.d.ts [3961B] react\esm\index.esm.js [3269B] react\README.md [48299B] esm\index.esm.js [3562B] react\package.json [460B] react\esm\package.json [17B] react\index.cjs.js [3439B] index.d.ts [8025B] 
I0914 14:00:40.369123   30192 installsdk.go:55] Package @dataconnect/generated is already installed. Skipping installation
I0914 14:00:40.369641   30192 load.go:109] Finished reloading
I0914 14:00:40.395779   30192 dev.go:102] Listening on address (HTTP + gRPC): 127.0.0.1:50001
 {"metadata":{"emulator":{"name":"dataconnect"},"message":"I0914 14:00:40.300336   30192 collector.go:107] schema extensions wrote into \"d:\\\\AI\\\\AI-startup\\\\AI_Academy\\\\dataconnect\\\\.dataconnect\\\\schema\"\nGenerated sources: main\\implicit.gql [1261B] main\\input.gql [28173B] prelude.gql [73251B] main\\relation.gql [13742B] main\\query.gql [5099B] main\\mutation.gql [13679B] \nI0914 14:00:40.311859   30192 collector.go:107] connector \"example\" javascriptSdk wrote into \"d:\\\\AI\\\\AI-startup\\\\AI_Academy\\\\Client\\\\src\\\\dataconnect-generated\"\nGenerated sources: esm\\package.json [17B] index.cjs.js [4052B] package.json [863B] README.md [40931B] react\\index.d.ts [3961B] react\\esm\\index.esm.js [3269B] react\\README.md [48299B] esm\\index.esm.js [3562B] react\\package.json [460B] react\\esm\\package.json [17B] react\\index.cjs.js [3439B] index.d.ts [8025B] \nI0914 14:00:40.369123   30192 installsdk.go:55] Package @dataconnect/generated is already installed. Skipping installation\nI0914 14:00:40.369641   30192 load.go:109] Finished reloading\nI0914 14:00:40.395779   30192 dev.go:102] Listening on address (HTTP + gRPC): 127.0.0.1:50001\n"}}
[debug] [2025-09-14T13:00:40.483Z] I0914 14:00:40.483559   30192 engine.go:171] [/emulator/aiacademy 828a] ExecuteGraphqlRead IntrospectionQuery: succeeded. 
 {"metadata":{"emulator":{"name":"dataconnect"},"message":"I0914 14:00:40.483559   30192 engine.go:171] [/emulator/aiacademy 828a] ExecuteGraphqlRead IntrospectionQuery: succeeded. \n"}}
[debug] [2025-09-14T13:00:59.670Z] *** [apiv2] error from fetch(https://firebase.googleapis.com/v1beta1/projects?pageSize=1000, {"headers":{},"method":"GET","signal":{}}): FetchError: request to https://firebase.googleapis.com/v1beta1/projects?pageSize=1000 failed, reason: read ECONNRESET
[debug] [2025-09-14T13:00:59.671Z] Failed to make request to https://firebase.googleapis.com/v1beta1/projects?pageSize=1000
